# (C) 2008 Omega
#
# System based on versioning system from Anope1.7.x
#
# Please read COPYING and README for furhter details.
#
# $Id: version.log 2394 2012-06-30 15:56:22Z twitch $

VERSION_MAJOR="0"
VERSION_MINOR="9"
VERSION_PATCH="0"
VERSION_EXTRA="alpha"

MOD_API_MAJOR="0"
MOD_API_MINOR="9"
MOD_API_PATCH="0"

OMG_PKGNAME="omega"
OMG_RCNAME="rework"


#
#     Alpha 2 released
#   Version: 0.5.2 r1524 
#     Build: Serenity 
#
#    Alpha 1 released
#  Version: 0.5.0 r1380
#    Build: SilverSky
# 
#EOF
